<?xml version="1.0" encoding="UTF-8"?>
<!-- Generated by org.testng.reporters.JUnitReportReporter -->
<testsuite hostname="DESKTOP-FOPQIB1" failures="0" tests="1" name="OrangeHRM.CherCherTech" time="293.578" errors="0" timestamp="2023-03-21T10:20:33 IST" skipped="0">
  <testcase classname="OrangeHRM.CherCherTech" name="dropdown" time="293.578"/>
  <system-out/>
</testsuite> <!-- OrangeHRM.CherCherTech -->
