<?xml version="1.0" encoding="UTF-8"?>
<!-- Generated by org.testng.reporters.JUnitReportReporter -->
<testsuite hostname="DESKTOP-FOPQIB1" failures="0" tests="5" name="OrangeHRM.ExampleTestNg" time="0.068" errors="0" timestamp="2023-03-20T10:02:45 IST" skipped="0">
  <testcase classname="OrangeHRM.ExampleTestNg" name="third" time="0.012"/>
  <system-out/>
  <testcase classname="OrangeHRM.ExampleTestNg" name="first" time="0.011"/>
  <system-out/>
  <testcase classname="OrangeHRM.ExampleTestNg" name="fifth" time="0.030"/>
  <system-out/>
  <testcase classname="OrangeHRM.ExampleTestNg" name="fourth" time="0.007"/>
  <system-out/>
  <testcase classname="OrangeHRM.ExampleTestNg" name="second" time="0.008"/>
  <system-out/>
</testsuite> <!-- OrangeHRM.ExampleTestNg -->
