<?xml version="1.0" encoding="UTF-8"?>
<!-- Generated by org.testng.reporters.JUnitReportReporter -->
<testsuite hostname="DESKTOP-FOPQIB1" failures="0" tests="3" name="OrangeHRM.Example5include" time="0.035" errors="0" timestamp="2023-03-20T15:29:34 IST" skipped="0">
  <testcase classname="OrangeHRM.Example5include" name="carrot" time="0.005"/>
  <system-out/>
  <testcase classname="OrangeHRM.Example5include" name="potato" time="0.006"/>
  <system-out/>
  <testcase classname="OrangeHRM.Example5include" name="beetroot" time="0.024"/>
  <system-out/>
</testsuite> <!-- OrangeHRM.Example5include -->
