<?xml version="1.0" encoding="UTF-8"?>
<!-- Generated by org.testng.reporters.JUnitReportReporter -->
<testsuite hostname="DESKTOP-FOPQIB1" failures="0" tests="5" name="OrangeHRM.Example1TestNg" time="0.055" errors="0" timestamp="2023-03-20T10:04:16 IST" skipped="0">
  <testcase classname="OrangeHRM.Example1TestNg" name="first" time="0.026"/>
  <system-out/>
  <testcase classname="OrangeHRM.Example1TestNg" name="second" time="0.005"/>
  <system-out/>
  <testcase classname="OrangeHRM.Example1TestNg" name="third" time="0.004"/>
  <system-out/>
  <testcase classname="OrangeHRM.Example1TestNg" name="fourth" time="0.013"/>
  <system-out/>
  <testcase classname="OrangeHRM.Example1TestNg" name="fifth" time="0.007"/>
  <system-out/>
</testsuite> <!-- OrangeHRM.Example1TestNg -->
