<?xml version="1.0" encoding="UTF-8"?>
<!-- Generated by org.testng.reporters.JUnitReportReporter -->
<testsuite hostname="DESKTOP-FOPQIB1" failures="0" tests="5" name="OrangeHRM.Ex4testng" time="0.387" errors="0" timestamp="2023-03-21T10:14:24 IST" skipped="0">
  <testcase classname="OrangeHRM.Ex4testng" name="five" time="0.004"/>
  <system-out/>
  <testcase classname="OrangeHRM.Ex4testng" name="four" time="0.003"/>
  <system-out/>
  <testcase classname="OrangeHRM.Ex4testng" name="three" time="0.023"/>
  <system-out/>
  <testcase classname="OrangeHRM.Ex4testng" name="one" time="0.344"/>
  <system-out/>
  <testcase classname="OrangeHRM.Ex4testng" name="two" time="0.013"/>
  <system-out/>
</testsuite> <!-- OrangeHRM.Ex4testng -->
