<?xml version="1.0" encoding="UTF-8"?>
<!-- Generated by org.testng.reporters.JUnitReportReporter -->
<testsuite hostname="DESKTOP-FOPQIB1" failures="0" tests="5" name="OrangeHRM.Ex3enabledtestng" time="0.072" errors="0" timestamp="2023-03-21T10:05:37 IST" skipped="1">
  <testcase classname="OrangeHRM.Ex3enabledtestng" name="first" time="0.041"/>
  <system-out/>
  <testcase classname="OrangeHRM.Ex3enabledtestng" name="second" time="0.006"/>
  <system-out/>
  <testcase classname="OrangeHRM.Ex3enabledtestng" name="fourth" time="0.019"/>
  <system-out/>
  <testcase classname="OrangeHRM.Ex3enabledtestng" name="fifth" time="0.006"/>
  <system-out/>
  <testcase classname="OrangeHRM.Ex3enabledtestng" name="third">
    <skipped/>
  </testcase> <!-- third -->
  <system-out/>
</testsuite> <!-- OrangeHRM.Ex3enabledtestng -->
